<?xml version="1.0" encoding="UTF-8"?>
<!-- Generated by org.testng.reporters.JUnitReportReporter -->
<testsuite hostname="DESKTOP-D9L1E3E" failures="0" tests="1" name="com.signInTest.SignInTest" time="7.770" errors="0" timestamp="2022-02-09T03:39:39 EST" skipped="0">
  <testcase classname="com.signInTest.SignInTest" name="signInTest" time="7.770"/>
  <system-out/>
</testsuite> <!-- com.signInTest.SignInTest -->
